<?xml version="1.0" encoding="UTF-8"?>
<testng-results ignored="0" total="1" passed="1" failed="0" skipped="0">
  <reporter-output>
  </reporter-output>
  <suite started-at="2022-02-07T18:17:51Z" name="Default suite" finished-at="2022-02-07T18:18:03Z" duration-ms="11787">
    <groups>
    </groups>
    <test started-at="2022-02-07T18:17:51Z" name="Default test" finished-at="2022-02-07T18:18:03Z" duration-ms="11787">
      <class name="amazon.qa.tests.SignUpTest">
        <test-method is-config="true" signature="setup()[pri:0, instance:amazon.qa.tests.SignUpTest@49c66ade]" started-at="2022-02-07T18:17:51Z" name="setup" finished-at="2022-02-07T18:17:56Z" duration-ms="4599" status="PASS">
          <reporter-output>
          </reporter-output>
        </test-method> <!-- setup -->
        <test-method signature="verifyTest()[pri:0, instance:amazon.qa.tests.SignUpTest@49c66ade]" started-at="2022-02-07T18:17:56Z" name="verifyTest" finished-at="2022-02-07T18:18:03Z" duration-ms="6813" status="PASS">
          <reporter-output>
          </reporter-output>
        </test-method> <!-- verifyTest -->
        <test-method is-config="true" signature="quitting()[pri:0, instance:amazon.qa.tests.SignUpTest@49c66ade]" started-at="2022-02-07T18:18:03Z" name="quitting" finished-at="2022-02-07T18:18:03Z" duration-ms="343" status="PASS">
          <reporter-output>
          </reporter-output>
        </test-method> <!-- quitting -->
      </class> <!-- amazon.qa.tests.SignUpTest -->
    </test> <!-- Default test -->
  </suite> <!-- Default suite -->
</testng-results>
